# Logfile created on 2016-06-15 11:28:09 +0800 by logger.rb/47272
2016-06-15 11:28:09 +0800 -> INFO -> 当前公众号：亚信WIFI
2016-06-15 11:28:09 +0800 -> INFO -> 接口请求地址：https://api.weixin.qq.com/cgi-bin/material/del_material
2016-06-15 11:28:09 +0800 -> INFO -> 接口请求参数：{:media_id=>"qotJ088R2YkTUAS5SPBMxEA0HwjBR3fOxmZBfRyjqRI"}
2016-06-15 11:28:28 +0800 -> INFO -> 当前公众号：亚信WIFI
2016-06-15 11:28:28 +0800 -> INFO -> 接口请求地址：https://api.weixin.qq.com/cgi-bin/material/del_material
2016-06-15 11:28:28 +0800 -> INFO -> 接口请求参数：{:media_id=>"qotJ088R2YkTUAS5SPBMxA7paEenVe-b1xQh6TNvZF4"}
2016-06-15 11:29:03 +0800 -> INFO -> 当前公众号：亚信WIFI
2016-06-15 11:29:03 +0800 -> INFO -> 接口请求地址：https://api.weixin.qq.com/cgi-bin/material/del_material
2016-06-15 11:29:03 +0800 -> INFO -> 接口请求参数：{:media_id=>"814evHmXMWYkePRU6V5jl4_AaXVLSDWSiRpewys1L_8"}
2016-06-15 11:29:03 +0800 -> INFO -> 接口返回错误信息：48005: forbid to delete material used by auto-reply or menu hint: [M2Q31a0343ure1]().
2016-06-15 11:29:04 +0800 -> INFO -> 当前公众号：亚信WIFI
2016-06-15 11:29:04 +0800 -> INFO -> 接口请求地址：https://api.weixin.qq.com/cgi-bin/material/del_material
2016-06-15 11:29:04 +0800 -> INFO -> 接口请求参数：{:media_id=>"qotJ088R2YkTUAS5SPBMxGv0LYZsjFp-fpG4sdqoAJk"}
2016-06-15 11:29:05 +0800 -> INFO -> 当前公众号：亚信WIFI
2016-06-15 11:29:05 +0800 -> INFO -> 接口请求地址：https://api.weixin.qq.com/cgi-bin/material/del_material
2016-06-15 11:29:05 +0800 -> INFO -> 接口请求参数：{:media_id=>"qotJ088R2YkTUAS5SPBMxHfbqjSmNwDH7QNhjsW3w_c"}
2016-06-15 11:29:07 +0800 -> INFO -> 当前公众号：亚信WIFI
2016-06-15 11:29:07 +0800 -> INFO -> 接口请求地址：https://api.weixin.qq.com/cgi-bin/material/del_material
2016-06-15 11:29:07 +0800 -> INFO -> 接口请求参数：{:media_id=>"qotJ088R2YkTUAS5SPBMxFmmQn90AcHUcc71z5yD_V8"}
2016-06-15 11:29:08 +0800 -> INFO -> 当前公众号：亚信WIFI
2016-06-15 11:29:08 +0800 -> INFO -> 接口请求地址：https://api.weixin.qq.com/cgi-bin/material/del_material
2016-06-15 11:29:08 +0800 -> INFO -> 接口请求参数：{:media_id=>"qotJ088R2YkTUAS5SPBMxC-ykOeH_WMNVbUIgMH5LF8"}
2016-06-15 11:29:10 +0800 -> INFO -> 当前公众号：亚信WIFI
2016-06-15 11:29:10 +0800 -> INFO -> 接口请求地址：https://api.weixin.qq.com/cgi-bin/material/del_material
2016-06-15 11:29:10 +0800 -> INFO -> 接口请求参数：{:media_id=>"qotJ088R2YkTUAS5SPBMxBZqGyL78KrQ9v9rYm-F7Tc"}
2016-06-15 11:29:11 +0800 -> INFO -> 当前公众号：亚信WIFI
2016-06-15 11:29:11 +0800 -> INFO -> 接口请求地址：https://api.weixin.qq.com/cgi-bin/material/del_material
2016-06-15 11:29:11 +0800 -> INFO -> 接口请求参数：{:media_id=>"qotJ088R2YkTUAS5SPBMxHZgV6zyNQOyk8IHG5HfTl8"}
2016-06-15 11:29:14 +0800 -> INFO -> 当前公众号：亚信WIFI
2016-06-15 11:29:14 +0800 -> INFO -> 接口请求地址：https://api.weixin.qq.com/cgi-bin/material/del_material
2016-06-15 11:29:14 +0800 -> INFO -> 接口请求参数：{:media_id=>"qotJ088R2YkTUAS5SPBMxJn8aN3SBqFv7ZC8_qfnImc"}
2016-06-15 11:29:16 +0800 -> INFO -> 当前公众号：亚信WIFI
2016-06-15 11:29:16 +0800 -> INFO -> 接口请求地址：https://api.weixin.qq.com/cgi-bin/material/del_material
2016-06-15 11:29:16 +0800 -> INFO -> 接口请求参数：{:media_id=>"qotJ088R2YkTUAS5SPBMxAmr6MhpxfBKJPfuoxYbArU"}
2016-06-15 11:29:18 +0800 -> INFO -> 当前公众号：亚信WIFI
2016-06-15 11:29:18 +0800 -> INFO -> 接口请求地址：https://api.weixin.qq.com/cgi-bin/material/del_material
2016-06-15 11:29:18 +0800 -> INFO -> 接口请求参数：{:media_id=>"qotJ088R2YkTUAS5SPBMxJGA03EbS5Ftw91S1LkDrFA"}
2016-06-15 11:29:52 +0800 -> INFO -> 当前公众号：亚信WIFI
2016-06-15 11:29:52 +0800 -> INFO -> 接口请求地址：https://api.weixin.qq.com/cgi-bin/material/del_material
2016-06-15 11:29:52 +0800 -> INFO -> 接口请求参数：{:media_id=>"qotJ088R2YkTUAS5SPBMxAD6PX1AKP9jxMsB-EGoyp8"}
2016-06-15 11:29:54 +0800 -> INFO -> 当前公众号：亚信WIFI
2016-06-15 11:29:54 +0800 -> INFO -> 接口请求地址：https://api.weixin.qq.com/cgi-bin/material/del_material
2016-06-15 11:29:54 +0800 -> INFO -> 接口请求参数：{:media_id=>"qotJ088R2YkTUAS5SPBMxKZvxdDP0WV8yMKD13870sE"}
2016-06-15 11:29:56 +0800 -> INFO -> 当前公众号：亚信WIFI
2016-06-15 11:29:56 +0800 -> INFO -> 接口请求地址：https://api.weixin.qq.com/cgi-bin/material/del_material
2016-06-15 11:29:56 +0800 -> INFO -> 接口请求参数：{:media_id=>"qotJ088R2YkTUAS5SPBMxDJdXRYg2ZuE6fmmUk9YzPg"}
2016-06-15 11:29:59 +0800 -> INFO -> 当前公众号：亚信WIFI
2016-06-15 11:29:59 +0800 -> INFO -> 接口请求地址：https://api.weixin.qq.com/cgi-bin/material/del_material
2016-06-15 11:29:59 +0800 -> INFO -> 接口请求参数：{:media_id=>"qotJ088R2YkTUAS5SPBMxFLUKB20wCR_bzpXXMc0y0E"}
2016-06-15 11:30:01 +0800 -> INFO -> 当前公众号：亚信WIFI
2016-06-15 11:30:01 +0800 -> INFO -> 接口请求地址：https://api.weixin.qq.com/cgi-bin/material/del_material
2016-06-15 11:30:01 +0800 -> INFO -> 接口请求参数：{:media_id=>"qotJ088R2YkTUAS5SPBMxH548xWAmN9Mr15i82DLmQk"}
2016-06-15 11:30:03 +0800 -> INFO -> 当前公众号：亚信WIFI
2016-06-15 11:30:03 +0800 -> INFO -> 接口请求地址：https://api.weixin.qq.com/cgi-bin/material/del_material
2016-06-15 11:30:03 +0800 -> INFO -> 接口请求参数：{:media_id=>"qotJ088R2YkTUAS5SPBMxEPYG1PAanDB3XgMQmnvm98"}
2016-06-15 11:31:55 +0800 -> INFO -> 当前公众号：亚信WIFI
2016-06-15 11:31:55 +0800 -> INFO -> 接口请求地址：https://api.weixin.qq.com/cgi-bin/material/del_material
2016-06-15 11:31:55 +0800 -> INFO -> 接口请求参数：{:media_id=>"qotJ088R2YkTUAS5SPBMxOBFN3K9Z3dhxoRBiKCYJHk"}
2016-06-15 11:31:58 +0800 -> INFO -> 当前公众号：亚信WIFI
2016-06-15 11:31:58 +0800 -> INFO -> 接口请求地址：https://api.weixin.qq.com/cgi-bin/material/del_material
2016-06-15 11:31:58 +0800 -> INFO -> 接口请求参数：{:media_id=>"qotJ088R2YkTUAS5SPBMxISnxWXPjvACIYxFEO1yY6U"}
2016-06-15 11:32:00 +0800 -> INFO -> 当前公众号：亚信WIFI
2016-06-15 11:32:00 +0800 -> INFO -> 接口请求地址：https://api.weixin.qq.com/cgi-bin/material/del_material
2016-06-15 11:32:00 +0800 -> INFO -> 接口请求参数：{:media_id=>"qotJ088R2YkTUAS5SPBMxLJjAQaa5UVmL777Xvj-0fE"}
2016-06-15 11:32:01 +0800 -> INFO -> 当前公众号：亚信WIFI
2016-06-15 11:32:01 +0800 -> INFO -> 接口请求地址：https://api.weixin.qq.com/cgi-bin/material/del_material
2016-06-15 11:32:01 +0800 -> INFO -> 接口请求参数：{:media_id=>"qotJ088R2YkTUAS5SPBMxCCSkxCZRbRgcTKzwEioOXA"}
2016-06-15 11:32:02 +0800 -> INFO -> 当前公众号：亚信WIFI
2016-06-15 11:32:02 +0800 -> INFO -> 接口请求地址：https://api.weixin.qq.com/cgi-bin/material/del_material
2016-06-15 11:32:02 +0800 -> INFO -> 接口请求参数：{:media_id=>"qotJ088R2YkTUAS5SPBMxGdSwOMKj19nDi8eG20lpBc"}
2016-06-15 11:32:04 +0800 -> INFO -> 当前公众号：亚信WIFI
2016-06-15 11:32:04 +0800 -> INFO -> 接口请求地址：https://api.weixin.qq.com/cgi-bin/material/del_material
2016-06-15 11:32:04 +0800 -> INFO -> 接口请求参数：{:media_id=>"qotJ088R2YkTUAS5SPBMxEk1ECcpKxUODLaUNY31iIU"}
2016-06-15 11:32:06 +0800 -> INFO -> 当前公众号：亚信WIFI
2016-06-15 11:32:06 +0800 -> INFO -> 接口请求地址：https://api.weixin.qq.com/cgi-bin/material/del_material
2016-06-15 11:32:06 +0800 -> INFO -> 接口请求参数：{:media_id=>"qotJ088R2YkTUAS5SPBMxPbmV2Kp58xK6AzMnaY7KkQ"}
2016-06-15 11:32:08 +0800 -> INFO -> 当前公众号：亚信WIFI
2016-06-15 11:32:08 +0800 -> INFO -> 接口请求地址：https://api.weixin.qq.com/cgi-bin/material/del_material
2016-06-15 11:32:08 +0800 -> INFO -> 接口请求参数：{:media_id=>"qotJ088R2YkTUAS5SPBMxG1l_OkPXm1XCEUtfRci7sE"}
2016-06-15 11:32:09 +0800 -> INFO -> 当前公众号：亚信WIFI
2016-06-15 11:32:09 +0800 -> INFO -> 接口请求地址：https://api.weixin.qq.com/cgi-bin/material/del_material
2016-06-15 11:32:09 +0800 -> INFO -> 接口请求参数：{:media_id=>"qotJ088R2YkTUAS5SPBMxKzyZck8h3LG5f6tBvjFUFc"}
2016-06-15 11:32:11 +0800 -> INFO -> 当前公众号：亚信WIFI
2016-06-15 11:32:11 +0800 -> INFO -> 接口请求地址：https://api.weixin.qq.com/cgi-bin/material/del_material
2016-06-15 11:32:11 +0800 -> INFO -> 接口请求参数：{:media_id=>"qotJ088R2YkTUAS5SPBMxChxQKlnhBjN7ym-AYtGB9A"}
2016-06-15 11:32:12 +0800 -> INFO -> 当前公众号：亚信WIFI
2016-06-15 11:32:12 +0800 -> INFO -> 接口请求地址：https://api.weixin.qq.com/cgi-bin/material/del_material
2016-06-15 11:32:12 +0800 -> INFO -> 接口请求参数：{:media_id=>"qotJ088R2YkTUAS5SPBMxCN0LI7RXouqA56PsP-KEaY"}
2016-06-15 11:32:14 +0800 -> INFO -> 当前公众号：亚信WIFI
2016-06-15 11:32:14 +0800 -> INFO -> 接口请求地址：https://api.weixin.qq.com/cgi-bin/material/del_material
2016-06-15 11:32:14 +0800 -> INFO -> 接口请求参数：{:media_id=>"qotJ088R2YkTUAS5SPBMxPO0hnUNuri6JRvk6HrITyQ"}
2016-06-15 11:32:28 +0800 -> INFO -> 当前公众号：亚信WIFI
2016-06-15 11:32:28 +0800 -> INFO -> 接口请求地址：https://api.weixin.qq.com/cgi-bin/material/del_material
2016-06-15 11:32:28 +0800 -> INFO -> 接口请求参数：{:media_id=>"qotJ088R2YkTUAS5SPBMxGKaYVcg-BKj2C1170gea_o"}
2016-06-15 11:32:30 +0800 -> INFO -> 当前公众号：亚信WIFI
2016-06-15 11:32:30 +0800 -> INFO -> 接口请求地址：https://api.weixin.qq.com/cgi-bin/material/del_material
2016-06-15 11:32:30 +0800 -> INFO -> 接口请求参数：{:media_id=>"qotJ088R2YkTUAS5SPBMxB8oZCn2gX2_6dOhQfK49MY"}
2016-06-15 11:32:31 +0800 -> INFO -> 当前公众号：亚信WIFI
2016-06-15 11:32:31 +0800 -> INFO -> 接口请求地址：https://api.weixin.qq.com/cgi-bin/material/del_material
2016-06-15 11:32:31 +0800 -> INFO -> 接口请求参数：{:media_id=>"qotJ088R2YkTUAS5SPBMxCFrP6o800WyqWbvhTlQdm4"}
2016-06-15 11:32:34 +0800 -> INFO -> 当前公众号：亚信WIFI
2016-06-15 11:32:34 +0800 -> INFO -> 接口请求地址：https://api.weixin.qq.com/cgi-bin/material/del_material
2016-06-15 11:32:34 +0800 -> INFO -> 接口请求参数：{:media_id=>"qotJ088R2YkTUAS5SPBMxGlMKGn2vPtguFhhmQceKW4"}
2016-06-15 11:32:35 +0800 -> INFO -> 当前公众号：亚信WIFI
2016-06-15 11:32:35 +0800 -> INFO -> 接口请求地址：https://api.weixin.qq.com/cgi-bin/material/del_material
2016-06-15 11:32:35 +0800 -> INFO -> 接口请求参数：{:media_id=>"qotJ088R2YkTUAS5SPBMxGnAmxKOozKYK3w2AkUnODU"}
2016-06-15 11:32:37 +0800 -> INFO -> 当前公众号：亚信WIFI
2016-06-15 11:32:37 +0800 -> INFO -> 接口请求地址：https://api.weixin.qq.com/cgi-bin/material/del_material
2016-06-15 11:32:37 +0800 -> INFO -> 接口请求参数：{:media_id=>"qotJ088R2YkTUAS5SPBMxFZnUUqkjNklR9mcDVthInw"}
2016-06-15 11:32:38 +0800 -> INFO -> 当前公众号：亚信WIFI
2016-06-15 11:32:38 +0800 -> INFO -> 接口请求地址：https://api.weixin.qq.com/cgi-bin/material/del_material
2016-06-15 11:32:38 +0800 -> INFO -> 接口请求参数：{:media_id=>"qotJ088R2YkTUAS5SPBMxKDT8I7VnfDJrl7vjpju1-M"}
2016-06-15 11:32:42 +0800 -> INFO -> 当前公众号：亚信WIFI
2016-06-15 11:32:42 +0800 -> INFO -> 接口请求地址：https://api.weixin.qq.com/cgi-bin/material/del_material
2016-06-15 11:32:42 +0800 -> INFO -> 接口请求参数：{:media_id=>"qotJ088R2YkTUAS5SPBMxJwCW9yVTuwN-9oudnXbGdM"}
2016-06-15 11:32:43 +0800 -> INFO -> 当前公众号：亚信WIFI
2016-06-15 11:32:43 +0800 -> INFO -> 接口请求地址：https://api.weixin.qq.com/cgi-bin/material/del_material
2016-06-15 11:32:43 +0800 -> INFO -> 接口请求参数：{:media_id=>"qotJ088R2YkTUAS5SPBMxO5KH0DjvdvMh_7kbY25gp0"}
2016-06-15 11:32:46 +0800 -> INFO -> 当前公众号：亚信WIFI
2016-06-15 11:32:46 +0800 -> INFO -> 接口请求地址：https://api.weixin.qq.com/cgi-bin/material/del_material
2016-06-15 11:32:46 +0800 -> INFO -> 接口请求参数：{:media_id=>"qotJ088R2YkTUAS5SPBMxD0KU_1xEDgqHBrVS1AWrpM"}
2016-06-15 11:32:47 +0800 -> INFO -> 当前公众号：亚信WIFI
2016-06-15 11:32:47 +0800 -> INFO -> 接口请求地址：https://api.weixin.qq.com/cgi-bin/material/del_material
2016-06-15 11:32:47 +0800 -> INFO -> 接口请求参数：{:media_id=>"qotJ088R2YkTUAS5SPBMxAMPh2LYEExVOaT03NT9_co"}
2016-06-15 11:32:48 +0800 -> INFO -> 当前公众号：亚信WIFI
2016-06-15 11:32:48 +0800 -> INFO -> 接口请求地址：https://api.weixin.qq.com/cgi-bin/material/del_material
2016-06-15 11:32:48 +0800 -> INFO -> 接口请求参数：{:media_id=>"qotJ088R2YkTUAS5SPBMxLucvpWMeAsy2JNRqar1sDM"}
2016-06-16 10:43:27 +0800 -> INFO -> 当前公众号：亚信WIFI
2016-06-16 10:43:27 +0800 -> INFO -> 接口请求地址：https://api.weixin.qq.com/cgi-bin/material/del_material
2016-06-16 10:43:27 +0800 -> INFO -> 接口请求参数：{:media_id=>"qotJ088R2YkTUAS5SPBMxKuwoLzxp1lM_XUrajJhI6o"}
2016-06-16 10:44:05 +0800 -> INFO -> 当前公众号：亚信WIFI
2016-06-16 10:44:05 +0800 -> INFO -> 接口请求地址：https://api.weixin.qq.com/cgi-bin/material/del_material
2016-06-16 10:44:05 +0800 -> INFO -> 接口请求参数：{:media_id=>"qotJ088R2YkTUAS5SPBMxBtdML9o6SSW9_33acirwLA"}
2016-07-15 16:59:27 +0800 -> INFO -> 公众号名称：亚信WIFI
2016-07-15 16:59:27 +0800 -> INFO -> 接口请求地址：https://api.weixin.qq.com/cgi-bin/user/get
2016-07-15 16:59:27 +0800 -> INFO -> 接口请求参数：{:next_openid=>""}
2016-07-15 16:59:41 +0800 -> INFO -> 公众号名称：亚信WIFI
2016-07-15 16:59:41 +0800 -> INFO -> 接口请求地址：https://api.weixin.qq.com/cgi-bin/user/info
2016-07-15 16:59:41 +0800 -> INFO -> 接口请求参数：{:openid=>"oRDAgwfm1qi7qnAPg_IIePjspTxw", :lang=>"zh_CN"}
2016-07-15 17:04:08 +0800 -> INFO -> 公众号名称：亚信WIFI
2016-07-15 17:04:08 +0800 -> INFO -> 接口请求地址：https://api.weixin.qq.com/cgi-bin/user/get
2016-07-15 17:04:08 +0800 -> INFO -> 接口请求参数：{:next_openid=>""}
2016-07-15 17:10:17 +0800 -> INFO -> 公众号名称：亚信WIFI
2016-07-15 17:10:17 +0800 -> INFO -> 接口请求地址：https://api.weixin.qq.com/cgi-bin/user/info
2016-07-15 17:10:17 +0800 -> INFO -> 接口请求参数：{:openid=>"oRDAgwfm1qi7qnAPg_IIePjspTxw", :lang=>"zh_CN"}
2016-07-18 10:47:03 +0800 -> INFO -> 公众号名称：馨语轩
2016-07-18 10:47:03 +0800 -> INFO -> 接口请求地址：https://api.weixin.qq.com/cgi-bin/user/get
2016-07-18 10:47:03 +0800 -> INFO -> 接口请求参数：{:next_openid=>""}
2016-07-18 10:47:05 +0800 -> INFO -> 错误信息：48001: api unauthorized hint: [j8Q0ea0025vr23](api功能未授权).
2016-07-18 10:47:05 +0800 -> INFO -> 公众号名称：馨语轩
2016-07-18 10:47:05 +0800 -> INFO -> 接口请求地址：https://api.weixin.qq.com/cgi-bin/groups/get
2016-07-18 10:47:05 +0800 -> INFO -> 接口请求参数：{}
2016-07-18 10:47:06 +0800 -> INFO -> 错误信息：48001: api unauthorized hint: [c.e0026vr19](api功能未授权).
2016-07-18 10:47:59 +0800 -> INFO -> 公众号名称：馨语轩
2016-07-18 10:47:59 +0800 -> INFO -> 接口请求地址：https://api.weixin.qq.com/cgi-bin/user/get
2016-07-18 10:47:59 +0800 -> INFO -> 接口请求参数：{:next_openid=>""}
2016-07-18 10:48:01 +0800 -> INFO -> 错误信息：48001: api unauthorized hint: [rx.ILa0081vr19](api功能未授权).
2016-07-18 10:48:17 +0800 -> INFO -> 公众号名称：馨语轩
2016-07-18 10:48:17 +0800 -> INFO -> 接口请求地址：https://api.weixin.qq.com/cgi-bin/groups/get
2016-07-18 10:48:17 +0800 -> INFO -> 接口请求参数：{}
2016-07-18 10:48:18 +0800 -> INFO -> 错误信息：48001: api unauthorized hint: [C.SwvA0098vr20](api功能未授权).
